This is pdfTeX, Version 3.1415926-2.5-1.40.14 (MiKTeX 2.9) (preloaded format=pdflatex 2015.4.24)  24 APR 2015 20:28
entering extended mode
**stardard_page.tex

(C:\Users\Enno\Documents\#Thesis_Paper\ThesisLatexTemplate\thesis_template\titl
e_page\stardard_page.tex
LaTeX2e <2011/06/27>
Babel <v3.8m> and hyphenation patterns for english, afrikaans, ancientgreek, ar
abic, armenian, assamese, basque, bengali, bokmal, bulgarian, catalan, coptic, 
croatian, czech, danish, dutch, esperanto, estonian, farsi, finnish, french, ga
lician, german, german-x-2013-05-26, greek, gujarati, hindi, hungarian, iceland
ic, indonesian, interlingua, irish, italian, kannada, kurmanji, latin, latvian,
 lithuanian, malayalam, marathi, mongolian, mongolianlmc, monogreek, ngerman, n
german-x-2013-05-26, nynorsk, oriya, panjabi, pinyin, polish, portuguese, roman
ian, russian, sanskrit, serbian, slovak, slovenian, spanish, swedish, swissgerm
an, tamil, telugu, turkish, turkmen, ukenglish, ukrainian, uppersorbian, usengl
ishmax, welsh, loaded.

! LaTeX Error: Environment titlepage undefined.

See the LaTeX manual or LaTeX Companion for explanation.
Type  H <return>  for immediate help.
 ...                                              
                                                  
l.1 \begin{titlepage}
                     
Your command was ignored.
Type  I <command> <return>  to replace it with another command,
or  <return>  to continue without it.


! LaTeX Error: Missing \begin{document}.

See the LaTeX manual or LaTeX Companion for explanation.
Type  H <return>  for immediate help.
 ...                                              
                                                  
l.3 \begin{center}
                  
You're in trouble here.  Try typing  <return>  to proceed.
If that doesn't work, type  X <return>  to quit.


Overfull \hbox (20.0pt too wide) in paragraph at lines 3--3
[] 
 []


Overfull \hbox (70.05481pt too wide) in paragraph at lines 7--7
 \OT1/cmr/m/sc/10 UNIVERSITY 
 []


Overfull \hbox (15.5693pt too wide) in paragraph at lines 7--7
 \OT1/cmr/m/sc/10 OF 
 []


Overfull \hbox (38.24962pt too wide) in paragraph at lines 7--7
 \OT1/cmr/m/sc/10 TARTU 
 []


Overfull \hbox (51.76337pt too wide) in paragraph at lines 9--9
 []\OT1/cmr/m/sc/10 FACULTY 
 []


Overfull \hbox (15.5693pt too wide) in paragraph at lines 9--9
 \OT1/cmr/m/sc/10 OF 
 []


Overfull \hbox (36.93018pt too wide) in paragraph at lines 9--9
 \OT1/cmr/m/sc/10 MATH- 
 []


Overfull \hbox (11.19432pt too wide) in paragraph at lines 9--9
 \OT1/cmr/m/sc/10 E- 
 []


Overfull \hbox (28.79137pt too wide) in paragraph at lines 9--9
 \OT1/cmr/m/sc/10 MAT- 
 []


Overfull \hbox (18.02757pt too wide) in paragraph at lines 9--9
 \OT1/cmr/m/sc/10 ICS 
 []


Overfull \hbox (24.56921pt too wide) in paragraph at lines 9--9
 \OT1/cmr/m/sc/10 AND 
 []


Overfull \hbox (29.97192pt too wide) in paragraph at lines 9--9
 \OT1/cmr/m/sc/10 COM- 
 []


Overfull \hbox (38.83293pt too wide) in paragraph at lines 9--9
 \OT1/cmr/m/sc/10 PUTER 
 []


Overfull \hbox (21.80531pt too wide) in paragraph at lines 9--9
 \OT1/cmr/m/sc/10 SCI- 
 []


Overfull \hbox (30.83301pt too wide) in paragraph at lines 9--9
 \OT1/cmr/m/sc/10 ENCE 
 []


Overfull \hbox (47.24959pt too wide) in paragraph at lines 11--11
 []\OT1/cmtt/m/n/10 Institute 
 []


Overfull \hbox (10.49991pt too wide) in paragraph at lines 11--11
 \OT1/cmtt/m/n/10 of 
 []


Overfull \hbox (41.99963pt too wide) in paragraph at lines 11--11
 \OT1/cmtt/m/n/10 Computer 
 []


Overfull \hbox (36.74968pt too wide) in paragraph at lines 11--11
 \OT1/cmtt/m/n/10 Science 
 []

! Undefined control sequence.
<argument>  \large 
                   Enno Eller
l.20 \textsc{ \large Enno Eller}
                                \\[0.5cm]
The control sequence at the end of the top line
of your error message was never \def'ed. If you have
misspelled it (e.g., `\hobx'), type `I' and the correct
spelling (e.g., `I\hbox'). Otherwise just continue,
and I'll forget about whatever was undefined.


Overfull \hbox (26.03874pt too wide) in paragraph at lines 20--20
 \OT1/cmr/m/sc/10 Enno 
 []


Overfull \hbox (29.28313pt too wide) in paragraph at lines 20--20
 \OT1/cmr/m/sc/10 Eller 
 []

! Undefined control sequence.
l.21 { \Huge
             \bfseries Mobile Social Media Authentication Simplification on ...
The control sequence at the end of the top line
of your error message was never \def'ed. If you have
misspelled it (e.g., `\hobx'), type `I' and the correct
spelling (e.g., `I\hbox'). Otherwise just continue,
and I'll forget about whatever was undefined.


Overfull \hbox (34.7151pt too wide) in paragraph at lines 21--21
 []\OT1/cmr/bx/n/10 Mobile 
 []


Overfull \hbox (15.97214pt too wide) in paragraph at lines 21--21
 \OT1/cmr/bx/n/10 So- 
 []


Overfull \hbox (17.09016pt too wide) in paragraph at lines 21--21
 \OT1/cmr/bx/n/10 cial 
 []


Overfull \hbox (20.02074pt too wide) in paragraph at lines 21--21
 \OT1/cmr/bx/n/10 Me- 
 []


Overfull \hbox (15.17351pt too wide) in paragraph at lines 21--21
 \OT1/cmr/bx/n/10 dia 
 []


Overfull \hbox (18.91656pt too wide) in paragraph at lines 21--21
 \OT1/cmr/bx/n/10 Au- 
 []


Overfull \hbox (26.35403pt too wide) in paragraph at lines 21--21
 \OT1/cmr/bx/n/10 then- 
 []


Overfull \hbox (11.49994pt too wide) in paragraph at lines 21--21
 \OT1/cmr/bx/n/10 ti- 
 []


Overfull \hbox (14.53462pt too wide) in paragraph at lines 21--21
 \OT1/cmr/bx/n/10 ca- 
 []


Overfull \hbox (19.80545pt too wide) in paragraph at lines 21--21
 \OT1/cmr/bx/n/10 tion 
 []


Overfull \hbox (22.99988pt too wide) in paragraph at lines 21--21
 \OT1/cmr/bx/n/10 Sim- 
 []


Overfull \hbox (16.61102pt too wide) in paragraph at lines 21--21
 \OT1/cmr/bx/n/10 pli- 
 []


Overfull \hbox (10.22217pt too wide) in paragraph at lines 21--21
 \OT1/cmr/bx/n/10 fi- 
 []


Overfull \hbox (14.53462pt too wide) in paragraph at lines 21--21
 \OT1/cmr/bx/n/10 ca- 
 []


Overfull \hbox (19.80545pt too wide) in paragraph at lines 21--21
 \OT1/cmr/bx/n/10 tion 
 []


Overfull \hbox (12.13882pt too wide) in paragraph at lines 21--21
 \OT1/cmr/bx/n/10 on 
 []


Overfull \hbox (18.91656pt too wide) in paragraph at lines 21--21
 \OT1/cmr/bx/n/10 An- 
 []


Overfull \hbox (26.4582pt too wide) in paragraph at lines 21--21
 \OT1/cmr/bx/n/10 droid 
 []

! Undefined control sequence.
l.22 {\large
             Bachelor Thesis (6 EAP)}\\[3cm]
The control sequence at the end of the top line
of your error message was never \def'ed. If you have
misspelled it (e.g., `\hobx'), type `I' and the correct
spelling (e.g., `I\hbox'). Otherwise just continue,
and I'll forget about whatever was undefined.

Missing character: There is no B in font nullfont!
Missing character: There is no a in font nullfont!
Missing character: There is no c in font nullfont!
Missing character: There is no h in font nullfont!
Missing character: There is no e in font nullfont!
Missing character: There is no l in font nullfont!
Missing character: There is no o in font nullfont!
Missing character: There is no r in font nullfont!
Missing character: There is no T in font nullfont!
Missing character: There is no h in font nullfont!
Missing character: There is no e in font nullfont!
Missing character: There is no s in font nullfont!
Missing character: There is no i in font nullfont!
Missing character: There is no s in font nullfont!
Missing character: There is no ( in font nullfont!
Missing character: There is no 6 in font nullfont!
Missing character: There is no E in font nullfont!
Missing character: There is no A in font nullfont!
Missing character: There is no P in font nullfont!
Missing character: There is no ) in font nullfont!
! Undefined control sequence.
l.35 \begin{flushright} \large
                              
The control sequence at the end of the top line
of your error message was never \def'ed. If you have
misspelled it (e.g., `\hobx'), type `I' and the correct
spelling (e.g., `I\hbox'). Otherwise just continue,
and I'll forget about whatever was undefined.

LaTeX Font Info:    External font `cmex10' loaded for size
(Font)              <7> on input line 40.
LaTeX Font Info:    External font `cmex10' loaded for size
(Font)              <5> on input line 40.

Overfull \hbox (6553.62498pt too wide) in paragraph at lines 34--41
 []$[]$ 
 []


Overfull \hbox (154.62419pt too wide) in paragraph at lines 44--44
 []\OT1/cmr/bx/n/10 Author:.................................... 
 []


Overfull \hbox (28.02765pt too wide) in paragraph at lines 44--44
 \OT1/cmr/bx/n/10 "....." 
 []


Overfull \hbox (33.59705pt too wide) in paragraph at lines 44--44
 \OT1/cmr/bx/n/10 Month 
 []


Overfull \hbox (25.9443pt too wide) in paragraph at lines 44--44
 \OT1/cmr/bx/n/10 201X 
 []


Overfull \hbox (156.00058pt too wide) in paragraph at lines 46--46
 []\OT1/cmr/bx/n/10 Supervisor:............................... 
 []


Overfull \hbox (28.02765pt too wide) in paragraph at lines 46--46
 \OT1/cmr/bx/n/10 "....." 
 []


Overfull \hbox (33.59705pt too wide) in paragraph at lines 46--46
 \OT1/cmr/bx/n/10 Month 
 []


Overfull \hbox (25.9443pt too wide) in paragraph at lines 46--46
 \OT1/cmr/bx/n/10 201X 
 []


Overfull \hbox (155.30057pt too wide) in paragraph at lines 48--48
 []\OT1/cmr/bx/n/10 Professor:................................. 
 []


Overfull \hbox (28.02765pt too wide) in paragraph at lines 48--48
 \OT1/cmr/bx/n/10 "....." 
 []


Overfull \hbox (33.59705pt too wide) in paragraph at lines 48--48
 \OT1/cmr/bx/n/10 Month 
 []


Overfull \hbox (25.9443pt too wide) in paragraph at lines 48--48
 \OT1/cmr/bx/n/10 201X 
 []

! Undefined control sequence.
l.53 {\large
             TARTU, 201X}
The control sequence at the end of the top line
of your error message was never \def'ed. If you have
misspelled it (e.g., `\hobx'), type `I' and the correct
spelling (e.g., `I\hbox'). Otherwise just continue,
and I'll forget about whatever was undefined.

Missing character: There is no T in font nullfont!
Missing character: There is no A in font nullfont!
Missing character: There is no R in font nullfont!
Missing character: There is no T in font nullfont!
Missing character: There is no U in font nullfont!
Missing character: There is no , in font nullfont!
Missing character: There is no 2 in font nullfont!
Missing character: There is no 0 in font nullfont!
Missing character: There is no 1 in font nullfont!
Missing character: There is no X in font nullfont!

! LaTeX Error: \begin{document} ended by \end{titlepage}.

See the LaTeX manual or LaTeX Companion for explanation.
Type  H <return>  for immediate help.
 ...                                              
                                                  
l.57 \end{titlepage}
                    
Your command was ignored.
Type  I <command> <return>  to replace it with another command,
or  <return>  to continue without it.

)
! Emergency stop.
<*> stardard_page.tex
                     
*** (job aborted, no legal \end found)

 
Here is how much of TeX's memory you used:
 21 strings out of 493921
 515 string characters out of 3144879
 51031 words of memory out of 3000000
 3410 multiletter control sequences out of 15000+200000
 4763 words of font info for 18 fonts, out of 3000000 for 9000
 841 hyphenation exceptions out of 8191
 20i,3n,18p,124b,225s stack positions out of 5000i,500n,10000p,200000b,50000s
!  ==> Fatal error occurred, no output PDF file produced!
