\BOOKMARK [0][]{chapter*.2}{List of Figures}{}% 1
\BOOKMARK [0][]{chapter.1}{1 Introduction}{}% 2
\BOOKMARK [1][]{section.1.1}{1.1 Introduction}{chapter.1}% 3
\BOOKMARK [2][]{subsection.1.1.1}{1.1.1 Motivation}{section.1.1}% 4
\BOOKMARK [2][]{subsection.1.1.2}{1.1.2 Contributions}{section.1.1}% 5
\BOOKMARK [2][]{subsection.1.1.3}{1.1.3 Outline}{section.1.1}% 6
\BOOKMARK [0][]{chapter.2}{2 State of the Art}{}% 7
\BOOKMARK [1][]{section.2.1}{2.1 Automating Authentication Process}{chapter.2}% 8
\BOOKMARK [2][]{subsection.2.1.1}{2.1.1 Service providers}{section.2.1}% 9
\BOOKMARK [3][]{subsubsection.2.1.1.1}{2.1.1.1 Google Identity Platform}{subsection.2.1.1}% 10
\BOOKMARK [3][]{subsubsection.2.1.1.2}{2.1.1.2 Facebook SDK}{subsection.2.1.1}% 11
\BOOKMARK [2][]{subsection.2.1.2}{2.1.2 Internal applicatoin coding}{section.2.1}% 12
\BOOKMARK [3][]{subsubsection.2.1.2.1}{2.1.2.1 Android AccountManager}{subsection.2.1.2}% 13
\BOOKMARK [1][]{section.2.2}{2.2 Summary}{chapter.2}% 14
\BOOKMARK [0][]{chapter.3}{3 Problem Statement}{}% 15
\BOOKMARK [1][]{section.3.1}{3.1 Research Question}{chapter.3}% 16
\BOOKMARK [1][]{section.3.2}{3.2 Summary}{chapter.3}% 17
\BOOKMARK [0][]{chapter.4}{4 Your Contribution}{}% 18
\BOOKMARK [1][]{section.4.1}{4.1 Your Brilliant Ideas ...}{chapter.4}% 19
\BOOKMARK [1][]{section.4.2}{4.2 Summary}{chapter.4}% 20
\BOOKMARK [0][]{chapter.5}{5 Case Studies}{}% 21
\BOOKMARK [1][]{section.5.1}{5.1 Case of Study...}{chapter.5}% 22
\BOOKMARK [1][]{section.5.2}{5.2 Summary}{chapter.5}% 23
\BOOKMARK [0][]{chapter.6}{6 Conclusions}{}% 24
\BOOKMARK [0][]{chapter.7}{7 Related Work}{}% 25
\BOOKMARK [0][]{chapter.8}{8 Future Research Directions}{}% 26
\BOOKMARK [0][]{chapter.9}{9 Sisukokkuv\365te}{}% 27
\BOOKMARK [0][]{chapter*.3}{Bibliography}{}% 28
